RAM log cleared at Wed Jul  2 00:00:01 UTC 2025
=== Wed Jul  2 01:00:01 UTC 2025 ===
               total        used        free      shared  buff/cache   available
Mem:           957Mi       166Mi       210Mi       0.0Ki       580Mi       624Mi
Swap:             0B          0B          0B

=== Wed Jul  2 02:00:01 UTC 2025 ===
               total        used        free      shared  buff/cache   available
Mem:           957Mi       158Mi       217Mi       1.0Mi       581Mi       632Mi
Swap:             0B          0B          0B

=== Wed Jul  2 03:00:02 UTC 2025 ===
               total        used        free      shared  buff/cache   available
Mem:           957Mi       199Mi        70Mi       1.0Mi       686Mi       590Mi
Swap:             0B          0B          0B

=== Wed Jul  2 04:00:01 UTC 2025 ===
               total        used        free      shared  buff/cache   available
Mem:           957Mi       199Mi        70Mi       1.0Mi       687Mi       591Mi
Swap:             0B          0B          0B

=== Wed Jul  2 05:00:01 UTC 2025 ===
               total        used        free      shared  buff/cache   available
Mem:           957Mi       200Mi        67Mi       1.0Mi       688Mi       589Mi
Swap:             0B          0B          0B

=== Wed Jul  2 06:00:01 UTC 2025 ===
               total        used        free      shared  buff/cache   available
Mem:           957Mi       200Mi        67Mi       1.0Mi       689Mi       590Mi
Swap:             0B          0B          0B

=== Wed Jul  2 07:00:01 UTC 2025 ===
               total        used        free      shared  buff/cache   available
Mem:           957Mi       192Mi       256Mi       1.0Mi       508Mi       579Mi
Swap:             0B          0B          0B

=== Wed Jul  2 08:00:01 UTC 2025 ===
               total        used        free      shared  buff/cache   available
Mem:           957Mi       193Mi       235Mi       1.0Mi       528Mi       578Mi
Swap:             0B          0B          0B

=== Wed Jul  2 09:00:01 UTC 2025 ===
               total        used        free      shared  buff/cache   available
Mem:           957Mi       185Mi       242Mi       1.0Mi       529Mi       586Mi
Swap:             0B          0B          0B

=== Wed Jul  2 10:00:01 UTC 2025 ===
               total        used        free      shared  buff/cache   available
Mem:           957Mi       185Mi       242Mi       1.0Mi       530Mi       586Mi
Swap:             0B          0B          0B

=== Wed Jul  2 11:00:01 UTC 2025 ===
               total        used        free      shared  buff/cache   available
Mem:           957Mi       175Mi       247Mi       1.0Mi       533Mi       595Mi
Swap:             0B          0B          0B

